{"contracts/ticket.sol":{"l":{"12":17,"13":17,"14":17,"18":2,"19":1,"23":14,"24":13,"29":35,"30":35,"34":17,"38":1,"42":17,"46":0,"75":13,"76":13,"77":13,"79":13,"87":13,"91":14,"93":14,"94":14,"95":13,"97":12,"103":12,"109":12,"110":12,"112":12,"116":1,"117":1,"118":1,"122":4,"124":4,"125":3,"127":2,"131":2,"133":2,"134":1,"136":1,"140":2,"141":2,"143":1,"145":1,"146":1},"path":"/home/l380/Repo/Contract/web3_ticketing_D2F/smart-contract/contracts/ticket.sol","s":{"1":17,"2":17,"3":17,"4":2,"5":14,"6":35,"7":17,"8":1,"9":17,"10":0,"11":13,"12":13,"13":13,"14":14,"15":14,"16":14,"17":13,"18":12,"19":1,"20":1,"21":4,"22":4,"23":3,"24":2,"25":2,"26":1,"27":2,"28":2,"29":1,"30":1},"b":{"1":[1,1],"2":[13,1],"3":[35,0],"4":[17,0],"5":[1,0],"6":[17,0],"7":[0,0],"8":[13,1],"9":[13,0],"10":[13,0],"11":[13,0],"12":[14,0],"13":[13,1],"14":[12,1],"15":[1,1],"16":[1,0],"17":[3,1],"18":[2,1],"19":[1,1],"20":[1,0],"21":[1,1],"22":[1,0]},"f":{"1":17,"2":2,"3":14,"4":35,"5":17,"6":1,"7":17,"8":0,"9":13,"10":14,"11":1,"12":4,"13":2,"14":2},"fnMap":{"1":{"name":"constructor","line":11,"loc":{"start":{"line":11,"column":4},"end":{"line":15,"column":4}}},"2":{"name":"onlyAdmin","line":17,"loc":{"start":{"line":17,"column":4},"end":{"line":20,"column":4}}},"3":{"name":"onlyOrganizer","line":22,"loc":{"start":{"line":22,"column":4},"end":{"line":25,"column":4}}},"4":{"name":"onlyOwner","line":28,"loc":{"start":{"line":28,"column":4},"end":{"line":31,"column":4}}},"5":{"name":"grantAdminRole","line":33,"loc":{"start":{"line":33,"column":4},"end":{"line":35,"column":4}}},"6":{"name":"revokeAdminRole","line":37,"loc":{"start":{"line":37,"column":4},"end":{"line":39,"column":4}}},"7":{"name":"grantOrganizerRole","line":41,"loc":{"start":{"line":41,"column":4},"end":{"line":43,"column":4}}},"8":{"name":"revokeOrganizerRole","line":45,"loc":{"start":{"line":45,"column":4},"end":{"line":47,"column":4}}},"9":{"name":"createEvent","line":74,"loc":{"start":{"line":70,"column":4},"end":{"line":88,"column":4}}},"10":{"name":"buyTicket","line":90,"loc":{"start":{"line":90,"column":4},"end":{"line":113,"column":4}}},"11":{"name":"verifyTicket","line":115,"loc":{"start":{"line":115,"column":4},"end":{"line":119,"column":4}}},"12":{"name":"useTicket","line":121,"loc":{"start":{"line":121,"column":4},"end":{"line":128,"column":4}}},"13":{"name":"transferTicket","line":130,"loc":{"start":{"line":130,"column":4},"end":{"line":137,"column":4}}},"14":{"name":"withdrawFunds","line":139,"loc":{"start":{"line":139,"column":4},"end":{"line":147,"column":4}}}},"statementMap":{"1":{"start":{"line":12,"column":8},"end":{"line":12,"column":51}},"2":{"start":{"line":13,"column":8},"end":{"line":13,"column":43}},"3":{"start":{"line":14,"column":8},"end":{"line":14,"column":47}},"4":{"start":{"line":18,"column":8},"end":{"line":18,"column":60}},"5":{"start":{"line":23,"column":8},"end":{"line":23,"column":68}},"6":{"start":{"line":29,"column":8},"end":{"line":29,"column":68}},"7":{"start":{"line":34,"column":8},"end":{"line":34,"column":37}},"8":{"start":{"line":38,"column":8},"end":{"line":38,"column":38}},"9":{"start":{"line":42,"column":8},"end":{"line":42,"column":41}},"10":{"start":{"line":46,"column":8},"end":{"line":46,"column":42}},"11":{"start":{"line":75,"column":8},"end":{"line":75,"column":73}},"12":{"start":{"line":76,"column":8},"end":{"line":76,"column":58}},"13":{"start":{"line":77,"column":8},"end":{"line":77,"column":69}},"14":{"start":{"line":91,"column":8},"end":{"line":91,"column":42}},"15":{"start":{"line":93,"column":8},"end":{"line":93,"column":58}},"16":{"start":{"line":94,"column":8},"end":{"line":94,"column":51}},"17":{"start":{"line":95,"column":8},"end":{"line":95,"column":51}},"18":{"start":{"line":103,"column":12},"end":{"line":103,"column":2746}},"19":{"start":{"line":116,"column":8},"end":{"line":116,"column":45}},"20":{"start":{"line":117,"column":8},"end":{"line":117,"column":46}},"21":{"start":{"line":122,"column":8},"end":{"line":122,"column":45}},"22":{"start":{"line":124,"column":8},"end":{"line":124,"column":50}},"23":{"start":{"line":125,"column":8},"end":{"line":125,"column":39}},"24":{"start":{"line":131,"column":8},"end":{"line":131,"column":45}},"25":{"start":{"line":133,"column":8},"end":{"line":133,"column":50}},"26":{"start":{"line":134,"column":8},"end":{"line":134,"column":39}},"27":{"start":{"line":140,"column":8},"end":{"line":140,"column":51}},"28":{"start":{"line":141,"column":8},"end":{"line":141,"column":50}},"29":{"start":{"line":145,"column":8},"end":{"line":145,"column":70}},"30":{"start":{"line":146,"column":8},"end":{"line":146,"column":42}}},"branchMap":{"1":{"line":18,"type":"if","locations":[{"start":{"line":18,"column":8},"end":{"line":18,"column":8}},{"start":{"line":18,"column":8},"end":{"line":18,"column":8}}]},"2":{"line":23,"type":"if","locations":[{"start":{"line":23,"column":8},"end":{"line":23,"column":8}},{"start":{"line":23,"column":8},"end":{"line":23,"column":8}}]},"3":{"line":29,"type":"if","locations":[{"start":{"line":29,"column":8},"end":{"line":29,"column":8}},{"start":{"line":29,"column":8},"end":{"line":29,"column":8}}]},"4":{"line":33,"type":"if","locations":[{"start":{"line":33,"column":52},"end":{"line":33,"column":52}},{"start":{"line":33,"column":52},"end":{"line":33,"column":52}}]},"5":{"line":37,"type":"if","locations":[{"start":{"line":37,"column":53},"end":{"line":37,"column":53}},{"start":{"line":37,"column":53},"end":{"line":37,"column":53}}]},"6":{"line":41,"type":"if","locations":[{"start":{"line":41,"column":56},"end":{"line":41,"column":56}},{"start":{"line":41,"column":56},"end":{"line":41,"column":56}}]},"7":{"line":45,"type":"if","locations":[{"start":{"line":45,"column":57},"end":{"line":45,"column":57}},{"start":{"line":45,"column":57},"end":{"line":45,"column":57}}]},"8":{"line":74,"type":"if","locations":[{"start":{"line":74,"column":13},"end":{"line":74,"column":13}},{"start":{"line":74,"column":13},"end":{"line":74,"column":13}}]},"9":{"line":75,"type":"if","locations":[{"start":{"line":75,"column":8},"end":{"line":75,"column":8}},{"start":{"line":75,"column":8},"end":{"line":75,"column":8}}]},"10":{"line":76,"type":"if","locations":[{"start":{"line":76,"column":8},"end":{"line":76,"column":8}},{"start":{"line":76,"column":8},"end":{"line":76,"column":8}}]},"11":{"line":77,"type":"if","locations":[{"start":{"line":77,"column":8},"end":{"line":77,"column":8}},{"start":{"line":77,"column":8},"end":{"line":77,"column":8}}]},"12":{"line":93,"type":"if","locations":[{"start":{"line":93,"column":8},"end":{"line":93,"column":8}},{"start":{"line":93,"column":8},"end":{"line":93,"column":8}}]},"13":{"line":94,"type":"if","locations":[{"start":{"line":94,"column":8},"end":{"line":94,"column":8}},{"start":{"line":94,"column":8},"end":{"line":94,"column":8}}]},"14":{"line":95,"type":"if","locations":[{"start":{"line":95,"column":8},"end":{"line":95,"column":8}},{"start":{"line":95,"column":8},"end":{"line":95,"column":8}}]},"15":{"line":115,"type":"if","locations":[{"start":{"line":115,"column":49},"end":{"line":115,"column":49}},{"start":{"line":115,"column":49},"end":{"line":115,"column":49}}]},"16":{"line":117,"type":"if","locations":[{"start":{"line":117,"column":8},"end":{"line":117,"column":8}},{"start":{"line":117,"column":8},"end":{"line":117,"column":8}}]},"17":{"line":124,"type":"if","locations":[{"start":{"line":124,"column":8},"end":{"line":124,"column":8}},{"start":{"line":124,"column":8},"end":{"line":124,"column":8}}]},"18":{"line":125,"type":"if","locations":[{"start":{"line":125,"column":8},"end":{"line":125,"column":8}},{"start":{"line":125,"column":8},"end":{"line":125,"column":8}}]},"19":{"line":133,"type":"if","locations":[{"start":{"line":133,"column":8},"end":{"line":133,"column":8}},{"start":{"line":133,"column":8},"end":{"line":133,"column":8}}]},"20":{"line":134,"type":"if","locations":[{"start":{"line":134,"column":8},"end":{"line":134,"column":8}},{"start":{"line":134,"column":8},"end":{"line":134,"column":8}}]},"21":{"line":141,"type":"if","locations":[{"start":{"line":141,"column":8},"end":{"line":141,"column":8}},{"start":{"line":141,"column":8},"end":{"line":141,"column":8}}]},"22":{"line":146,"type":"if","locations":[{"start":{"line":146,"column":8},"end":{"line":146,"column":8}},{"start":{"line":146,"column":8},"end":{"line":146,"column":8}}]}}}}