{"contracts\\Ticketing.sol":{"l":{"56":51,"57":51,"58":51,"62":104,"63":103,"78":48,"79":47,"80":46,"81":45,"82":44,"84":43,"85":43,"86":43,"90":9,"91":9,"92":8,"93":7,"94":7,"100":37,"101":37,"102":36,"103":35,"104":35,"105":34,"106":33,"107":33,"109":32,"110":32,"113":32,"114":32,"116":32,"117":32,"118":32,"120":32,"121":32,"122":32,"129":3,"130":3,"131":2,"132":2,"134":1,"135":2,"136":2,"138":2,"139":2,"141":2,"142":2,"143":2,"151":3,"152":3,"153":3,"155":3,"156":3,"157":3,"159":2,"160":2,"162":2,"164":2,"165":2,"167":2,"169":2,"170":2,"172":2,"176":5,"177":5,"178":3,"180":3,"181":3,"183":2,"184":2,"185":2,"188":2,"190":2,"191":2,"192":2,"198":5,"199":5,"200":4,"202":3,"203":3,"204":3,"206":3,"207":3,"211":3,"212":3,"214":2,"215":2,"216":2,"218":2,"219":2,"225":4,"226":4,"227":3,"228":2,"230":1,"233":1,"234":1,"240":6,"241":6,"242":6,"243":6,"244":6,"245":6,"246":6,"247":5,"248":5,"252":1,"253":1,"257":3,"258":3,"259":3,"261":3,"262":3,"263":3,"265":3,"266":3,"268":2,"269":2,"272":2,"274":2,"275":2,"276":2,"282":4,"283":4,"284":2,"285":2,"286":2,"287":2,"293":3,"297":5,"298":5,"304":4,"313":0,"322":0},"path":"D:\\VSC\\Repo\\Dapps\\web3_ticketing_D2F\\smart-contract\\contracts\\Ticketing.sol","s":{"1":51,"2":51,"3":51,"4":104,"5":51,"6":0,"7":51,"8":1,"9":48,"10":47,"11":46,"12":45,"13":44,"14":43,"15":9,"16":9,"17":8,"18":7,"19":37,"20":37,"21":36,"22":35,"23":35,"24":34,"25":33,"26":33,"27":32,"28":32,"29":32,"30":32,"31":3,"32":3,"33":2,"34":2,"35":1,"36":2,"37":2,"38":2,"39":2,"40":3,"41":3,"42":3,"43":3,"44":3,"45":3,"46":2,"47":2,"48":2,"49":2,"50":2,"51":2,"52":2,"53":5,"54":5,"55":3,"56":3,"57":3,"58":2,"59":2,"60":2,"61":2,"62":2,"63":2,"64":5,"65":5,"66":4,"67":3,"68":3,"69":3,"70":3,"71":3,"72":3,"73":2,"74":2,"75":2,"76":2,"77":4,"78":4,"79":3,"80":2,"81":1,"82":1,"83":6,"84":6,"85":6,"86":6,"87":6,"88":6,"89":6,"90":5,"91":1,"92":3,"93":3,"94":3,"95":3,"96":3,"97":3,"98":3,"99":3,"100":2,"101":2,"102":2,"103":4,"104":4,"105":2,"106":2,"107":2,"108":3,"109":5,"110":5,"111":4,"112":0,"113":0},"b":{"1":[103,1],"2":[51,1],"3":[0,0],"4":[51,0],"5":[1,0],"6":[47,1],"7":[47,0],"8":[46,1],"9":[45,1],"10":[44,1],"11":[43,1],"12":[8,1],"13":[7,1],"14":[7,1],"15":[37,0],"16":[36,1],"17":[35,1],"18":[35,0],"19":[34,1],"20":[33,1],"21":[33,0],"22":[32,1],"23":[2,1],"24":[2,0],"25":[2,0],"26":[1,1],"27":[3,0],"28":[3,0],"29":[3,0],"30":[3,0],"31":[2,1],"32":[2,0],"33":[2,0],"34":[5,0],"35":[3,2],"36":[3,0],"37":[2,1],"38":[2,0],"39":[2,0],"40":[4,1],"41":[3,1],"42":[3,0],"43":[3,0],"44":[3,1],"45":[2,1],"46":[2,0],"47":[2,0],"48":[3,1],"49":[2,1],"50":[1,1],"51":[6,0],"52":[6,0],"53":[6,0],"54":[6,0],"55":[5,1],"56":[1,0],"57":[3,0],"58":[3,0],"59":[3,0],"60":[3,0],"61":[3,0],"62":[2,1],"63":[4,0],"64":[2,2],"65":[2,0],"66":[5,0],"67":[0,5]},"f":{"1":51,"2":104,"3":51,"4":0,"5":51,"6":1,"7":48,"8":9,"9":37,"10":3,"11":3,"12":5,"13":5,"14":3,"15":4,"16":6,"17":1,"18":3,"19":4,"20":3,"21":5,"22":4,"23":0,"24":0},"fnMap":{"1":{"name":"constructor","line":54,"loc":{"start":{"line":53,"column":4},"end":{"line":59,"column":4}}},"2":{"name":"onlyOwner","line":61,"loc":{"start":{"line":61,"column":4},"end":{"line":64,"column":4}}},"3":{"name":"grantAdminRole","line":68,"loc":{"start":{"line":68,"column":4},"end":{"line":68,"column":105}}},"4":{"name":"revokeAdminRole","line":69,"loc":{"start":{"line":69,"column":4},"end":{"line":69,"column":105}}},"5":{"name":"grantOrganizerRole","line":70,"loc":{"start":{"line":70,"column":4},"end":{"line":70,"column":105}}},"6":{"name":"revokeOrganizerRole","line":71,"loc":{"start":{"line":71,"column":4},"end":{"line":71,"column":105}}},"7":{"name":"createEvent","line":75,"loc":{"start":{"line":75,"column":4},"end":{"line":87,"column":4}}},"8":{"name":"cancelEvent","line":89,"loc":{"start":{"line":89,"column":4},"end":{"line":95,"column":4}}},"9":{"name":"buyTicket","line":99,"loc":{"start":{"line":99,"column":4},"end":{"line":123,"column":4}}},"10":{"name":"airdropTickets","line":128,"loc":{"start":{"line":128,"column":4},"end":{"line":145,"column":4}}},"11":{"name":"refundTicket","line":150,"loc":{"start":{"line":150,"column":4},"end":{"line":173,"column":4}}},"12":{"name":"claimRefund","line":175,"loc":{"start":{"line":175,"column":4},"end":{"line":193,"column":4}}},"13":{"name":"useTicket","line":197,"loc":{"start":{"line":197,"column":4},"end":{"line":208,"column":4}}},"14":{"name":"verifyTicket","line":210,"loc":{"start":{"line":210,"column":4},"end":{"line":220,"column":4}}},"15":{"name":"transferTicket","line":224,"loc":{"start":{"line":224,"column":4},"end":{"line":235,"column":4}}},"16":{"name":"listForResale","line":239,"loc":{"start":{"line":239,"column":4},"end":{"line":249,"column":4}}},"17":{"name":"delistResale","line":251,"loc":{"start":{"line":251,"column":4},"end":{"line":254,"column":4}}},"18":{"name":"buyResale","line":256,"loc":{"start":{"line":256,"column":4},"end":{"line":277,"column":4}}},"19":{"name":"withdrawFunds","line":281,"loc":{"start":{"line":281,"column":4},"end":{"line":288,"column":4}}},"20":{"name":"remainingTickets","line":292,"loc":{"start":{"line":292,"column":4},"end":{"line":294,"column":4}}},"21":{"name":"getTicketDetails","line":296,"loc":{"start":{"line":296,"column":4},"end":{"line":299,"column":4}}},"22":{"name":"_burn","line":303,"loc":{"start":{"line":303,"column":4},"end":{"line":305,"column":4}}},"23":{"name":"tokenURI","line":307,"loc":{"start":{"line":307,"column":4},"end":{"line":314,"column":4}}},"24":{"name":"supportsInterface","line":316,"loc":{"start":{"line":316,"column":4},"end":{"line":323,"column":4}}}},"statementMap":{"1":{"start":{"line":56,"column":8},"end":{"line":56,"column":51}},"2":{"start":{"line":57,"column":8},"end":{"line":57,"column":51}},"3":{"start":{"line":58,"column":8},"end":{"line":58,"column":51}},"4":{"start":{"line":62,"column":8},"end":{"line":62,"column":68}},"5":{"start":{"line":68,"column":68},"end":{"line":68,"column":102}},"6":{"start":{"line":69,"column":68},"end":{"line":69,"column":102}},"7":{"start":{"line":70,"column":68},"end":{"line":70,"column":102}},"8":{"start":{"line":71,"column":68},"end":{"line":71,"column":102}},"9":{"start":{"line":78,"column":8},"end":{"line":78,"column":102}},"10":{"start":{"line":79,"column":8},"end":{"line":79,"column":69}},"11":{"start":{"line":80,"column":8},"end":{"line":80,"column":71}},"12":{"start":{"line":81,"column":8},"end":{"line":81,"column":79}},"13":{"start":{"line":82,"column":8},"end":{"line":82,"column":71}},"14":{"start":{"line":85,"column":8},"end":{"line":85,"column":90}},"15":{"start":{"line":90,"column":8},"end":{"line":90,"column":42}},"16":{"start":{"line":91,"column":8},"end":{"line":91,"column":94}},"17":{"start":{"line":92,"column":8},"end":{"line":92,"column":49}},"18":{"start":{"line":94,"column":8},"end":{"line":94,"column":37}},"19":{"start":{"line":100,"column":8},"end":{"line":100,"column":42}},"20":{"start":{"line":101,"column":8},"end":{"line":101,"column":69}},"21":{"start":{"line":102,"column":8},"end":{"line":102,"column":64}},"22":{"start":{"line":103,"column":8},"end":{"line":103,"column":70}},"23":{"start":{"line":104,"column":8},"end":{"line":104,"column":60}},"24":{"start":{"line":105,"column":8},"end":{"line":105,"column":57}},"25":{"start":{"line":106,"column":8},"end":{"line":106,"column":92}},"26":{"start":{"line":107,"column":8},"end":{"line":107,"column":108}},"27":{"start":{"line":109,"column":8},"end":{"line":109,"column":36}},"28":{"start":{"line":113,"column":8},"end":{"line":113,"column":34}},"29":{"start":{"line":114,"column":8},"end":{"line":114,"column":40}},"30":{"start":{"line":120,"column":8},"end":{"line":120,"column":60}},"31":{"start":{"line":129,"column":8},"end":{"line":129,"column":42}},"32":{"start":{"line":130,"column":8},"end":{"line":130,"column":94}},"33":{"start":{"line":131,"column":8},"end":{"line":131,"column":47}},"34":{"start":{"line":132,"column":8},"end":{"line":132,"column":88}},"35":{"start":{"line":134,"column":8},"end":{"line":134,"column":6014}},"36":{"start":{"line":135,"column":12},"end":{"line":135,"column":40}},"37":{"start":{"line":138,"column":12},"end":{"line":138,"column":42}},"38":{"start":{"line":139,"column":12},"end":{"line":139,"column":44}},"39":{"start":{"line":141,"column":12},"end":{"line":141,"column":69}},"40":{"start":{"line":151,"column":8},"end":{"line":151,"column":45}},"41":{"start":{"line":152,"column":8},"end":{"line":152,"column":61}},"42":{"start":{"line":153,"column":8},"end":{"line":153,"column":39}},"43":{"start":{"line":155,"column":8},"end":{"line":155,"column":43}},"44":{"start":{"line":156,"column":8},"end":{"line":156,"column":68}},"45":{"start":{"line":157,"column":8},"end":{"line":157,"column":70}},"46":{"start":{"line":159,"column":8},"end":{"line":159,"column":36}},"47":{"start":{"line":160,"column":8},"end":{"line":160,"column":54}},"48":{"start":{"line":162,"column":8},"end":{"line":162,"column":105}},"49":{"start":{"line":167,"column":8},"end":{"line":167,"column":23}},"50":{"start":{"line":169,"column":8},"end":{"line":169,"column":70}},"51":{"start":{"line":170,"column":8},"end":{"line":170,"column":44}},"52":{"start":{"line":172,"column":8},"end":{"line":172,"column":51}},"53":{"start":{"line":176,"column":8},"end":{"line":176,"column":45}},"54":{"start":{"line":177,"column":8},"end":{"line":177,"column":61}},"55":{"start":{"line":178,"column":8},"end":{"line":178,"column":60}},"56":{"start":{"line":180,"column":8},"end":{"line":180,"column":43}},"57":{"start":{"line":181,"column":8},"end":{"line":181,"column":50}},"58":{"start":{"line":183,"column":8},"end":{"line":183,"column":29}},"59":{"start":{"line":185,"column":8},"end":{"line":185,"column":94}},"60":{"start":{"line":188,"column":8},"end":{"line":188,"column":23}},"61":{"start":{"line":190,"column":8},"end":{"line":190,"column":64}},"62":{"start":{"line":191,"column":8},"end":{"line":191,"column":35}},"63":{"start":{"line":192,"column":8},"end":{"line":192,"column":45}},"64":{"start":{"line":198,"column":8},"end":{"line":198,"column":45}},"65":{"start":{"line":199,"column":8},"end":{"line":199,"column":67}},"66":{"start":{"line":200,"column":8},"end":{"line":200,"column":59}},"67":{"start":{"line":202,"column":8},"end":{"line":202,"column":43}},"68":{"start":{"line":203,"column":8},"end":{"line":203,"column":46}},"69":{"start":{"line":204,"column":8},"end":{"line":204,"column":82}},"70":{"start":{"line":207,"column":8},"end":{"line":207,"column":34}},"71":{"start":{"line":211,"column":8},"end":{"line":211,"column":45}},"72":{"start":{"line":212,"column":8},"end":{"line":212,"column":66}},"73":{"start":{"line":214,"column":8},"end":{"line":214,"column":43}},"74":{"start":{"line":215,"column":8},"end":{"line":215,"column":46}},"75":{"start":{"line":216,"column":8},"end":{"line":216,"column":80}},"76":{"start":{"line":219,"column":8},"end":{"line":219,"column":38}},"77":{"start":{"line":225,"column":8},"end":{"line":225,"column":45}},"78":{"start":{"line":226,"column":8},"end":{"line":226,"column":61}},"79":{"start":{"line":227,"column":8},"end":{"line":227,"column":53}},"80":{"start":{"line":228,"column":8},"end":{"line":228,"column":58}},"81":{"start":{"line":233,"column":8},"end":{"line":233,"column":44}},"82":{"start":{"line":234,"column":8},"end":{"line":234,"column":58}},"83":{"start":{"line":240,"column":8},"end":{"line":240,"column":45}},"84":{"start":{"line":241,"column":8},"end":{"line":241,"column":44}},"85":{"start":{"line":242,"column":8},"end":{"line":242,"column":69}},"86":{"start":{"line":243,"column":8},"end":{"line":243,"column":61}},"87":{"start":{"line":244,"column":8},"end":{"line":244,"column":64}},"88":{"start":{"line":245,"column":8},"end":{"line":245,"column":70}},"89":{"start":{"line":246,"column":8},"end":{"line":246,"column":74}},"90":{"start":{"line":248,"column":8},"end":{"line":248,"column":44}},"91":{"start":{"line":252,"column":8},"end":{"line":252,"column":61}},"92":{"start":{"line":257,"column":8},"end":{"line":257,"column":45}},"93":{"start":{"line":258,"column":8},"end":{"line":258,"column":47}},"94":{"start":{"line":259,"column":8},"end":{"line":259,"column":49}},"95":{"start":{"line":261,"column":8},"end":{"line":261,"column":43}},"96":{"start":{"line":262,"column":8},"end":{"line":262,"column":76}},"97":{"start":{"line":263,"column":8},"end":{"line":263,"column":57}},"98":{"start":{"line":265,"column":8},"end":{"line":265,"column":43}},"99":{"start":{"line":266,"column":8},"end":{"line":266,"column":61}},"100":{"start":{"line":268,"column":8},"end":{"line":268,"column":40}},"101":{"start":{"line":272,"column":8},"end":{"line":272,"column":47}},"102":{"start":{"line":276,"column":8},"end":{"line":276,"column":65}},"103":{"start":{"line":282,"column":8},"end":{"line":282,"column":51}},"104":{"start":{"line":283,"column":8},"end":{"line":283,"column":50}},"105":{"start":{"line":285,"column":8},"end":{"line":285,"column":64}},"106":{"start":{"line":286,"column":8},"end":{"line":286,"column":37}},"107":{"start":{"line":287,"column":8},"end":{"line":287,"column":47}},"108":{"start":{"line":293,"column":8},"end":{"line":293,"column":68}},"109":{"start":{"line":297,"column":8},"end":{"line":297,"column":101}},"110":{"start":{"line":298,"column":8},"end":{"line":298,"column":33}},"111":{"start":{"line":304,"column":8},"end":{"line":304,"column":27}},"112":{"start":{"line":313,"column":8},"end":{"line":313,"column":38}},"113":{"start":{"line":322,"column":8},"end":{"line":322,"column":51}}},"branchMap":{"1":{"line":62,"type":"if","locations":[{"start":{"line":62,"column":8},"end":{"line":62,"column":8}},{"start":{"line":62,"column":8},"end":{"line":62,"column":8}}]},"2":{"line":68,"type":"if","locations":[{"start":{"line":68,"column":56},"end":{"line":68,"column":56}},{"start":{"line":68,"column":56},"end":{"line":68,"column":56}}]},"3":{"line":69,"type":"if","locations":[{"start":{"line":69,"column":56},"end":{"line":69,"column":56}},{"start":{"line":69,"column":56},"end":{"line":69,"column":56}}]},"4":{"line":70,"type":"if","locations":[{"start":{"line":70,"column":56},"end":{"line":70,"column":56}},{"start":{"line":70,"column":56},"end":{"line":70,"column":56}}]},"5":{"line":71,"type":"if","locations":[{"start":{"line":71,"column":56},"end":{"line":71,"column":56}},{"start":{"line":71,"column":56},"end":{"line":71,"column":56}}]},"6":{"line":78,"type":"if","locations":[{"start":{"line":78,"column":8},"end":{"line":78,"column":8}},{"start":{"line":78,"column":8},"end":{"line":78,"column":8}}]},"7":{"line":78,"type":"cond-expr","locations":[{"start":{"line":78,"column":16},"end":{"line":78,"column":50}},{"start":{"line":78,"column":55},"end":{"line":78,"column":85}}]},"8":{"line":79,"type":"if","locations":[{"start":{"line":79,"column":8},"end":{"line":79,"column":8}},{"start":{"line":79,"column":8},"end":{"line":79,"column":8}}]},"9":{"line":80,"type":"if","locations":[{"start":{"line":80,"column":8},"end":{"line":80,"column":8}},{"start":{"line":80,"column":8},"end":{"line":80,"column":8}}]},"10":{"line":81,"type":"if","locations":[{"start":{"line":81,"column":8},"end":{"line":81,"column":8}},{"start":{"line":81,"column":8},"end":{"line":81,"column":8}}]},"11":{"line":82,"type":"if","locations":[{"start":{"line":82,"column":8},"end":{"line":82,"column":8}},{"start":{"line":82,"column":8},"end":{"line":82,"column":8}}]},"12":{"line":91,"type":"if","locations":[{"start":{"line":91,"column":8},"end":{"line":91,"column":8}},{"start":{"line":91,"column":8},"end":{"line":91,"column":8}}]},"13":{"line":91,"type":"cond-expr","locations":[{"start":{"line":91,"column":16},"end":{"line":91,"column":40}},{"start":{"line":91,"column":45},"end":{"line":91,"column":75}}]},"14":{"line":92,"type":"if","locations":[{"start":{"line":92,"column":8},"end":{"line":92,"column":8}},{"start":{"line":92,"column":8},"end":{"line":92,"column":8}}]},"15":{"line":99,"type":"if","locations":[{"start":{"line":99,"column":53},"end":{"line":99,"column":53}},{"start":{"line":99,"column":53},"end":{"line":99,"column":53}}]},"16":{"line":101,"type":"if","locations":[{"start":{"line":101,"column":8},"end":{"line":101,"column":8}},{"start":{"line":101,"column":8},"end":{"line":101,"column":8}}]},"17":{"line":102,"type":"if","locations":[{"start":{"line":102,"column":8},"end":{"line":102,"column":8}},{"start":{"line":102,"column":8},"end":{"line":102,"column":8}}]},"18":{"line":103,"type":"if","locations":[{"start":{"line":103,"column":8},"end":{"line":103,"column":8}},{"start":{"line":103,"column":8},"end":{"line":103,"column":8}}]},"19":{"line":104,"type":"if","locations":[{"start":{"line":104,"column":8},"end":{"line":104,"column":8}},{"start":{"line":104,"column":8},"end":{"line":104,"column":8}}]},"20":{"line":105,"type":"if","locations":[{"start":{"line":105,"column":8},"end":{"line":105,"column":8}},{"start":{"line":105,"column":8},"end":{"line":105,"column":8}}]},"21":{"line":106,"type":"if","locations":[{"start":{"line":106,"column":8},"end":{"line":106,"column":8}},{"start":{"line":106,"column":8},"end":{"line":106,"column":8}}]},"22":{"line":107,"type":"if","locations":[{"start":{"line":107,"column":8},"end":{"line":107,"column":8}},{"start":{"line":107,"column":8},"end":{"line":107,"column":8}}]},"23":{"line":130,"type":"if","locations":[{"start":{"line":130,"column":8},"end":{"line":130,"column":8}},{"start":{"line":130,"column":8},"end":{"line":130,"column":8}}]},"24":{"line":130,"type":"cond-expr","locations":[{"start":{"line":130,"column":16},"end":{"line":130,"column":40}},{"start":{"line":130,"column":45},"end":{"line":130,"column":75}}]},"25":{"line":131,"type":"if","locations":[{"start":{"line":131,"column":8},"end":{"line":131,"column":8}},{"start":{"line":131,"column":8},"end":{"line":131,"column":8}}]},"26":{"line":132,"type":"if","locations":[{"start":{"line":132,"column":8},"end":{"line":132,"column":8}},{"start":{"line":132,"column":8},"end":{"line":132,"column":8}}]},"27":{"line":150,"type":"if","locations":[{"start":{"line":150,"column":49},"end":{"line":150,"column":49}},{"start":{"line":150,"column":49},"end":{"line":150,"column":49}}]},"28":{"line":152,"type":"if","locations":[{"start":{"line":152,"column":8},"end":{"line":152,"column":8}},{"start":{"line":152,"column":8},"end":{"line":152,"column":8}}]},"29":{"line":153,"type":"if","locations":[{"start":{"line":153,"column":8},"end":{"line":153,"column":8}},{"start":{"line":153,"column":8},"end":{"line":153,"column":8}}]},"30":{"line":156,"type":"if","locations":[{"start":{"line":156,"column":8},"end":{"line":156,"column":8}},{"start":{"line":156,"column":8},"end":{"line":156,"column":8}}]},"31":{"line":157,"type":"if","locations":[{"start":{"line":157,"column":8},"end":{"line":157,"column":8}},{"start":{"line":157,"column":8},"end":{"line":157,"column":8}}]},"32":{"line":162,"type":"if","locations":[{"start":{"line":162,"column":8},"end":{"line":162,"column":8}},{"start":{"line":162,"column":8},"end":{"line":162,"column":8}}]},"33":{"line":170,"type":"if","locations":[{"start":{"line":170,"column":8},"end":{"line":170,"column":8}},{"start":{"line":170,"column":8},"end":{"line":170,"column":8}}]},"34":{"line":175,"type":"if","locations":[{"start":{"line":175,"column":48},"end":{"line":175,"column":48}},{"start":{"line":175,"column":48},"end":{"line":175,"column":48}}]},"35":{"line":177,"type":"if","locations":[{"start":{"line":177,"column":8},"end":{"line":177,"column":8}},{"start":{"line":177,"column":8},"end":{"line":177,"column":8}}]},"36":{"line":178,"type":"if","locations":[{"start":{"line":178,"column":8},"end":{"line":178,"column":8}},{"start":{"line":178,"column":8},"end":{"line":178,"column":8}}]},"37":{"line":181,"type":"if","locations":[{"start":{"line":181,"column":8},"end":{"line":181,"column":8}},{"start":{"line":181,"column":8},"end":{"line":181,"column":8}}]},"38":{"line":185,"type":"if","locations":[{"start":{"line":185,"column":8},"end":{"line":185,"column":8}},{"start":{"line":185,"column":8},"end":{"line":185,"column":8}}]},"39":{"line":191,"type":"if","locations":[{"start":{"line":191,"column":8},"end":{"line":191,"column":8}},{"start":{"line":191,"column":8},"end":{"line":191,"column":8}}]},"40":{"line":199,"type":"if","locations":[{"start":{"line":199,"column":8},"end":{"line":199,"column":8}},{"start":{"line":199,"column":8},"end":{"line":199,"column":8}}]},"41":{"line":200,"type":"if","locations":[{"start":{"line":200,"column":8},"end":{"line":200,"column":8}},{"start":{"line":200,"column":8},"end":{"line":200,"column":8}}]},"42":{"line":203,"type":"if","locations":[{"start":{"line":203,"column":8},"end":{"line":203,"column":8}},{"start":{"line":203,"column":8},"end":{"line":203,"column":8}}]},"43":{"line":204,"type":"if","locations":[{"start":{"line":204,"column":8},"end":{"line":204,"column":8}},{"start":{"line":204,"column":8},"end":{"line":204,"column":8}}]},"44":{"line":210,"type":"if","locations":[{"start":{"line":210,"column":49},"end":{"line":210,"column":49}},{"start":{"line":210,"column":49},"end":{"line":210,"column":49}}]},"45":{"line":212,"type":"if","locations":[{"start":{"line":212,"column":8},"end":{"line":212,"column":8}},{"start":{"line":212,"column":8},"end":{"line":212,"column":8}}]},"46":{"line":215,"type":"if","locations":[{"start":{"line":215,"column":8},"end":{"line":215,"column":8}},{"start":{"line":215,"column":8},"end":{"line":215,"column":8}}]},"47":{"line":216,"type":"if","locations":[{"start":{"line":216,"column":8},"end":{"line":216,"column":8}},{"start":{"line":216,"column":8},"end":{"line":216,"column":8}}]},"48":{"line":226,"type":"if","locations":[{"start":{"line":226,"column":8},"end":{"line":226,"column":8}},{"start":{"line":226,"column":8},"end":{"line":226,"column":8}}]},"49":{"line":227,"type":"if","locations":[{"start":{"line":227,"column":8},"end":{"line":227,"column":8}},{"start":{"line":227,"column":8},"end":{"line":227,"column":8}}]},"50":{"line":228,"type":"if","locations":[{"start":{"line":228,"column":8},"end":{"line":228,"column":8}},{"start":{"line":228,"column":8},"end":{"line":228,"column":8}}]},"51":{"line":242,"type":"if","locations":[{"start":{"line":242,"column":8},"end":{"line":242,"column":8}},{"start":{"line":242,"column":8},"end":{"line":242,"column":8}}]},"52":{"line":243,"type":"if","locations":[{"start":{"line":243,"column":8},"end":{"line":243,"column":8}},{"start":{"line":243,"column":8},"end":{"line":243,"column":8}}]},"53":{"line":244,"type":"if","locations":[{"start":{"line":244,"column":8},"end":{"line":244,"column":8}},{"start":{"line":244,"column":8},"end":{"line":244,"column":8}}]},"54":{"line":245,"type":"if","locations":[{"start":{"line":245,"column":8},"end":{"line":245,"column":8}},{"start":{"line":245,"column":8},"end":{"line":245,"column":8}}]},"55":{"line":246,"type":"if","locations":[{"start":{"line":246,"column":8},"end":{"line":246,"column":8}},{"start":{"line":246,"column":8},"end":{"line":246,"column":8}}]},"56":{"line":252,"type":"if","locations":[{"start":{"line":252,"column":8},"end":{"line":252,"column":8}},{"start":{"line":252,"column":8},"end":{"line":252,"column":8}}]},"57":{"line":256,"type":"if","locations":[{"start":{"line":256,"column":54},"end":{"line":256,"column":54}},{"start":{"line":256,"column":54},"end":{"line":256,"column":54}}]},"58":{"line":258,"type":"if","locations":[{"start":{"line":258,"column":8},"end":{"line":258,"column":8}},{"start":{"line":258,"column":8},"end":{"line":258,"column":8}}]},"59":{"line":259,"type":"if","locations":[{"start":{"line":259,"column":8},"end":{"line":259,"column":8}},{"start":{"line":259,"column":8},"end":{"line":259,"column":8}}]},"60":{"line":262,"type":"if","locations":[{"start":{"line":262,"column":8},"end":{"line":262,"column":8}},{"start":{"line":262,"column":8},"end":{"line":262,"column":8}}]},"61":{"line":263,"type":"if","locations":[{"start":{"line":263,"column":8},"end":{"line":263,"column":8}},{"start":{"line":263,"column":8},"end":{"line":263,"column":8}}]},"62":{"line":266,"type":"if","locations":[{"start":{"line":266,"column":8},"end":{"line":266,"column":8}},{"start":{"line":266,"column":8},"end":{"line":266,"column":8}}]},"63":{"line":281,"type":"if","locations":[{"start":{"line":281,"column":36},"end":{"line":281,"column":36}},{"start":{"line":281,"column":36},"end":{"line":281,"column":36}}]},"64":{"line":283,"type":"if","locations":[{"start":{"line":283,"column":8},"end":{"line":283,"column":8}},{"start":{"line":283,"column":8},"end":{"line":283,"column":8}}]},"65":{"line":286,"type":"if","locations":[{"start":{"line":286,"column":8},"end":{"line":286,"column":8}},{"start":{"line":286,"column":8},"end":{"line":286,"column":8}}]},"66":{"line":297,"type":"if","locations":[{"start":{"line":297,"column":8},"end":{"line":297,"column":8}},{"start":{"line":297,"column":8},"end":{"line":297,"column":8}}]},"67":{"line":297,"type":"cond-expr","locations":[{"start":{"line":297,"column":16},"end":{"line":297,"column":47}},{"start":{"line":297,"column":52},"end":{"line":297,"column":82}}]}}}}